Importer Log Report
Project : CANnode.PrjPcb

Section : Analyze Document - C:\Users\W2016\Desktop\RM42-CAN-Sensor-Node\CANnode\con-deutsch.lbr
    Analyzing data of C:\Users\W2016\Desktop\RM42-CAN-Sensor-Node\CANnode\con-deutsch.lbr
    Load settings
    Load layers 115
    Load Library library
    Load Library ""
    Load Packages 1
    Load Symbols 2
    Load DeviceSets 1
EndSection

Section : Analyze Document - C:\Users\W2016\Desktop\RM42-CAN-Sensor-Node\CANnode\con-lsta.lbr
    Analyzing data of C:\Users\W2016\Desktop\RM42-CAN-Sensor-Node\CANnode\con-lsta.lbr
    Load settings
    Load layers 115
    Load Library library
    Load Library ""
    Load Packages 1
    Load Symbols 1
    Load DeviceSets 1
EndSection

Section : Analyze Document - C:\Users\W2016\Desktop\RM42-CAN-Sensor-Node\CANnode\docu-dummy.lbr
    Analyzing data of C:\Users\W2016\Desktop\RM42-CAN-Sensor-Node\CANnode\docu-dummy.lbr
    Load settings
    Load layers 115
    Load Library library
    Load Library ""
    Load Packages 0
    Load Symbols 1
    Load DeviceSets 1
EndSection

Section : Analyze Document - C:\Users\W2016\Desktop\RM42-CAN-Sensor-Node\CANnode\eagle-ltspice.lbr
    Analyzing data of C:\Users\W2016\Desktop\RM42-CAN-Sensor-Node\CANnode\eagle-ltspice.lbr
    Load settings
    Load layers 115
    Load Library library
    Load Library ""
    Load Packages 37
    Load Symbols 2
    Load DeviceSets 2
EndSection

Section : Analyze Document - C:\Users\W2016\Desktop\RM42-CAN-Sensor-Node\CANnode\GeekAmmo.lbr
    Analyzing data of C:\Users\W2016\Desktop\RM42-CAN-Sensor-Node\CANnode\GeekAmmo.lbr
    Load settings
    Load layers 115
    Load Library library
    Load Library ""
    Load Packages 1
    Load Symbols 1
    Load DeviceSets 1
EndSection

Section : Analyze Document - C:\Users\W2016\Desktop\RM42-CAN-Sensor-Node\CANnode\holes.lbr
    Analyzing data of C:\Users\W2016\Desktop\RM42-CAN-Sensor-Node\CANnode\holes.lbr
    Load settings
    Load layers 115
    Load Library library
    Load Library ""
    Load Packages 10
    Load Symbols 1
    Load DeviceSets 1
EndSection

Section : Analyze Document - C:\Users\W2016\Desktop\RM42-CAN-Sensor-Node\CANnode\launchpad.lbr
    Analyzing data of C:\Users\W2016\Desktop\RM42-CAN-Sensor-Node\CANnode\launchpad.lbr
    Load settings
    Load layers 115
    Load Library library
    Load Library ""
    Load Packages 8
    Load Symbols 8
    Load DeviceSets 8
EndSection

Section : Analyze Document - C:\Users\W2016\Desktop\RM42-CAN-Sensor-Node\CANnode\led.lbr
    Analyzing data of C:\Users\W2016\Desktop\RM42-CAN-Sensor-Node\CANnode\led.lbr
    Load settings
    Load layers 115
    Load Library library
    Load Library ""
    Load Packages 37
    Load Symbols 1
    Load DeviceSets 1
EndSection

Section : Analyze Document - C:\Users\W2016\Desktop\RM42-CAN-Sensor-Node\CANnode\rcl.lbr
    Analyzing data of C:\Users\W2016\Desktop\RM42-CAN-Sensor-Node\CANnode\rcl.lbr
    Load settings
    Load layers 115
    Load Library library
    Load Library ""
    Load Packages 164
    Load Symbols 2
    Load DeviceSets 2
EndSection

Section : Analyze Document - C:\Users\W2016\Desktop\RM42-CAN-Sensor-Node\CANnode\resistor.lbr
    Analyzing data of C:\Users\W2016\Desktop\RM42-CAN-Sensor-Node\CANnode\resistor.lbr
    Load settings
    Load layers 115
    Load Library library
    Load Library ""
    Load Packages 206
    Load Symbols 2
    Load DeviceSets 2
EndSection

Section : Analyze Document - C:\Users\W2016\Desktop\RM42-CAN-Sensor-Node\CANnode\RM42.lbr
    Analyzing data of C:\Users\W2016\Desktop\RM42-CAN-Sensor-Node\CANnode\RM42.lbr
    Load settings
    Load layers 115
    Load Library library
    Load Library ""
    Load Packages 1
    Load Symbols 1
    Load DeviceSets 1
EndSection

Section : Analyze Document - C:\Users\W2016\Desktop\RM42-CAN-Sensor-Node\CANnode\special.lbr
    Analyzing data of C:\Users\W2016\Desktop\RM42-CAN-Sensor-Node\CANnode\special.lbr
    Load settings
    Load layers 115
    Load Library library
    Load Library ""
    Load Packages 1
    Load Symbols 1
    Load DeviceSets 1
EndSection

Section : Analyze Document - C:\Users\W2016\Desktop\RM42-CAN-Sensor-Node\CANnode\supply1.lbr
    Analyzing data of C:\Users\W2016\Desktop\RM42-CAN-Sensor-Node\CANnode\supply1.lbr
    Load settings
    Load layers 115
    Load Library library
    Load Library ""
    Load Packages 0
    Load Symbols 5
    Load DeviceSets 5
EndSection

Section : Analyze Document - C:\Users\W2016\Desktop\RM42-CAN-Sensor-Node\CANnode\testpad.lbr
    Analyzing data of C:\Users\W2016\Desktop\RM42-CAN-Sensor-Node\CANnode\testpad.lbr
    Load settings
    Load layers 115
    Load Library library
    Load Library ""
    Load Packages 38
    Load Symbols 1
    Load DeviceSets 1
EndSection

Section : Analyze Document - C:\Users\W2016\Desktop\RM42-CAN-Sensor-Node\CANnode\Texas Instruments_By_element14_Batch_1.lbr
    Analyzing data of C:\Users\W2016\Desktop\RM42-CAN-Sensor-Node\CANnode\Texas Instruments_By_element14_Batch_1.lbr
    Load settings
    Load layers 115
    Load Library library
    Load Library ""
    Load Packages 1
    Load Symbols 1
    Load DeviceSets 1
EndSection

Section : Analyze Document - C:\Users\W2016\Desktop\RM42-CAN-Sensor-Node\CANnode\texas.lbr
    Analyzing data of C:\Users\W2016\Desktop\RM42-CAN-Sensor-Node\CANnode\texas.lbr
    Load settings
    Load layers 115
    Load Library library
    Load Library ""
    Load Packages 1
    Load Symbols 1
    Load DeviceSets 1
EndSection

Section : Analyze Document - C:\Users\W2016\Desktop\RM42-CAN-Sensor-Node\CANnode\TPS70445_PWP_24.lbr
    Analyzing data of C:\Users\W2016\Desktop\RM42-CAN-Sensor-Node\CANnode\TPS70445_PWP_24.lbr
    Load settings
    Load layers 115
    Load Library library
    Load Library ""
    Load Packages 1
    Load Symbols 1
    Load DeviceSets 1
EndSection

Section : Analyze Document - C:\Users\W2016\Desktop\RM42-CAN-Sensor-Node\CANnode\TXC-7M-16.000MAAJ-T.lbr
    Analyzing data of C:\Users\W2016\Desktop\RM42-CAN-Sensor-Node\CANnode\TXC-7M-16.000MAAJ-T.lbr
    Load settings
    Load layers 115
    Load Library library
    Load Library ""
    Load Packages 1
    Load Symbols 1
    Load DeviceSets 1
EndSection

Section : Analyze Document - C:\Users\W2016\Desktop\RM42-CAN-Sensor-Node\CANnode\varistor.lbr
    Analyzing data of C:\Users\W2016\Desktop\RM42-CAN-Sensor-Node\CANnode\varistor.lbr
    Load settings
    Load layers 115
    Load Library library
    Load Library ""
    Load Packages 34
    Load Symbols 1
    Load DeviceSets 1
EndSection

Section : Analyze Document - C:\Users\W2016\Desktop\RM42-CAN-Sensor-Node\CANnode\zetex.lbr
    Analyzing data of C:\Users\W2016\Desktop\RM42-CAN-Sensor-Node\CANnode\zetex.lbr
    Load settings
    Load layers 115
    Load Library library
    Load Library ""
    Load Packages 1
    Load Symbols 1
    Load DeviceSets 1
EndSection

Section : Analyze Document - C:\Users\W2016\Desktop\RM42-CAN-Sensor-Node\CANnode\CANnode.brd
    Analyzing data of C:\Users\W2016\Desktop\RM42-CAN-Sensor-Node\CANnode\CANnode.brd
    Load settings
    Load layers 113
    Load Library "eagle-ltspice"
    Load Packages 2
    Load Library "rcl"
    Load Packages 3
    Load Library "launchpad"
    Load Packages 7
    Load Library "resistor"
    Load Packages 2
    Load Library "special"
    Load Packages 1
    Load Library "holes"
    Load Packages 1
    Load Library "texas"
    Load Packages 1
    Load Library "led"
    Load Packages 1
    Load Library "zetex"
    Load Packages 1
    Load Library "varistor"
    Load Packages 1
    Load Library "con-lsta"
    Load Packages 1
    Load Library "testpad"
    Load Packages 1
    Load Library "GeekAmmo"
    Load Packages 1
    Load Library "Texas Instruments_By_element14_Batch_1"
    Load Packages 1
    Load Library "TPS70445_PWP_24"
    Load Packages 1
    Load Library "RM42"
    Load Packages 1
    Load Library "con-deutsch"
    Load Packages 1
    Load Library "TXC-7M-16.000MAAJ-T"
    Load Packages 1
EndSection

Section : Analyze Document - C:\Users\W2016\Desktop\RM42-CAN-Sensor-Node\CANnode\CANnode.sch
    Analyzing data of C:\Users\W2016\Desktop\RM42-CAN-Sensor-Node\CANnode\CANnode.sch
    Load settings
    Load layers 113
    Load schematic
    Load Libraries 20
    Load Library "TPS70445_PWP_24"
    Load Packages 1
    Load Symbols 1
    Load DeviceSets 1
    Load Library "eagle-ltspice"
    Load Packages 37
    Load Symbols 2
    Load DeviceSets 2
    Load Library "supply1"
    Load Packages 0
    Load Symbols 5
    Load DeviceSets 5
    Load Library "resistor"
    Load Packages 206
    Load Symbols 2
    Load DeviceSets 2
    Load Library "special"
    Load Packages 1
    Load Symbols 1
    Load DeviceSets 1
    Load Library "led"
    Load Packages 37
    Load Symbols 1
    Load DeviceSets 1
    Load Library "varistor"
    Load Packages 34
    Load Symbols 1
    Load DeviceSets 1
    Load Library "docu-dummy"
    Load Packages 0
    Load Symbols 1
    Load DeviceSets 1
    Load Library "Texas Instruments_By_element14_Batch_1"
    Load Packages 1
    Load Symbols 1
    Load DeviceSets 1
    Load Library "RM42"
    Load Packages 1
    Load Symbols 1
    Load DeviceSets 1
    Load Library "rcl"
    Load Packages 164
    Load Symbols 2
    Load DeviceSets 2
    Load Library "TXC-7M-16.000MAAJ-T"
    Load Packages 1
    Load Symbols 1
    Load DeviceSets 1
    Load Library "GeekAmmo"
    Load Packages 1
    Load Symbols 1
    Load DeviceSets 1
    Load Library "texas"
    Load Packages 1
    Load Symbols 1
    Load DeviceSets 1
    Load Library "con-lsta"
    Load Packages 1
    Load Symbols 1
    Load DeviceSets 1
    Load Library "testpad"
    Load Packages 38
    Load Symbols 1
    Load DeviceSets 1
    Load Library "con-deutsch"
    Load Packages 1
    Load Symbols 2
    Load DeviceSets 1
    Load Library "launchpad"
    Load Packages 8
    Load Symbols 8
    Load DeviceSets 8
    Load Library "zetex"
    Load Packages 1
    Load Symbols 1
    Load DeviceSets 1
    Load Library "holes"
    Load Packages 10
    Load Symbols 1
    Load DeviceSets 1
    Load Attributes 0
    Load Classes 1
    Load Parts 402
    Load Sheets 1
EndSection

Section : Analyze Document - C:\Users\W2016\Desktop\RM42-CAN-Sensor-Node\CANnode\con-deutsch.lbr
    Analyzing data of C:\Users\W2016\Desktop\RM42-CAN-Sensor-Node\CANnode\con-deutsch.lbr
    Load settings
    Load layers 115
    Load Library library
    Load Library ""
    Load Packages 1
    Load Symbols 2
    Load DeviceSets 1
EndSection

Section : Analyze Document - C:\Users\W2016\Desktop\RM42-CAN-Sensor-Node\CANnode\con-lsta.lbr
    Analyzing data of C:\Users\W2016\Desktop\RM42-CAN-Sensor-Node\CANnode\con-lsta.lbr
    Load settings
    Load layers 115
    Load Library library
    Load Library ""
    Load Packages 1
    Load Symbols 1
    Load DeviceSets 1
EndSection

Section : Analyze Document - C:\Users\W2016\Desktop\RM42-CAN-Sensor-Node\CANnode\docu-dummy.lbr
    Analyzing data of C:\Users\W2016\Desktop\RM42-CAN-Sensor-Node\CANnode\docu-dummy.lbr
    Load settings
    Load layers 115
    Load Library library
    Load Library ""
    Load Packages 0
    Load Symbols 1
    Load DeviceSets 1
EndSection

Section : Analyze Document - C:\Users\W2016\Desktop\RM42-CAN-Sensor-Node\CANnode\eagle-ltspice.lbr
    Analyzing data of C:\Users\W2016\Desktop\RM42-CAN-Sensor-Node\CANnode\eagle-ltspice.lbr
    Load settings
    Load layers 115
    Load Library library
    Load Library ""
    Load Packages 37
    Load Symbols 2
    Load DeviceSets 2
EndSection

Section : Analyze Document - C:\Users\W2016\Desktop\RM42-CAN-Sensor-Node\CANnode\GeekAmmo.lbr
    Analyzing data of C:\Users\W2016\Desktop\RM42-CAN-Sensor-Node\CANnode\GeekAmmo.lbr
    Load settings
    Load layers 115
    Load Library library
    Load Library ""
    Load Packages 1
    Load Symbols 1
    Load DeviceSets 1
EndSection

Section : Analyze Document - C:\Users\W2016\Desktop\RM42-CAN-Sensor-Node\CANnode\holes.lbr
    Analyzing data of C:\Users\W2016\Desktop\RM42-CAN-Sensor-Node\CANnode\holes.lbr
    Load settings
    Load layers 115
    Load Library library
    Load Library ""
    Load Packages 10
    Load Symbols 1
    Load DeviceSets 1
EndSection

Section : Analyze Document - C:\Users\W2016\Desktop\RM42-CAN-Sensor-Node\CANnode\launchpad.lbr
    Analyzing data of C:\Users\W2016\Desktop\RM42-CAN-Sensor-Node\CANnode\launchpad.lbr
    Load settings
    Load layers 115
    Load Library library
    Load Library ""
    Load Packages 8
    Load Symbols 8
    Load DeviceSets 8
EndSection

Section : Analyze Document - C:\Users\W2016\Desktop\RM42-CAN-Sensor-Node\CANnode\led.lbr
    Analyzing data of C:\Users\W2016\Desktop\RM42-CAN-Sensor-Node\CANnode\led.lbr
    Load settings
    Load layers 115
    Load Library library
    Load Library ""
    Load Packages 37
    Load Symbols 1
    Load DeviceSets 1
EndSection

Section : Analyze Document - C:\Users\W2016\Desktop\RM42-CAN-Sensor-Node\CANnode\rcl.lbr
    Analyzing data of C:\Users\W2016\Desktop\RM42-CAN-Sensor-Node\CANnode\rcl.lbr
    Load settings
    Load layers 115
    Load Library library
    Load Library ""
    Load Packages 164
    Load Symbols 2
    Load DeviceSets 2
EndSection

Section : Analyze Document - C:\Users\W2016\Desktop\RM42-CAN-Sensor-Node\CANnode\resistor.lbr
    Analyzing data of C:\Users\W2016\Desktop\RM42-CAN-Sensor-Node\CANnode\resistor.lbr
    Load settings
    Load layers 115
    Load Library library
    Load Library ""
    Load Packages 206
    Load Symbols 2
    Load DeviceSets 2
EndSection

Section : Analyze Document - C:\Users\W2016\Desktop\RM42-CAN-Sensor-Node\CANnode\RM42.lbr
    Analyzing data of C:\Users\W2016\Desktop\RM42-CAN-Sensor-Node\CANnode\RM42.lbr
    Load settings
    Load layers 115
    Load Library library
    Load Library ""
    Load Packages 1
    Load Symbols 1
    Load DeviceSets 1
EndSection

Section : Analyze Document - C:\Users\W2016\Desktop\RM42-CAN-Sensor-Node\CANnode\special.lbr
    Analyzing data of C:\Users\W2016\Desktop\RM42-CAN-Sensor-Node\CANnode\special.lbr
    Load settings
    Load layers 115
    Load Library library
    Load Library ""
    Load Packages 1
    Load Symbols 1
    Load DeviceSets 1
EndSection

Section : Analyze Document - C:\Users\W2016\Desktop\RM42-CAN-Sensor-Node\CANnode\supply1.lbr
    Analyzing data of C:\Users\W2016\Desktop\RM42-CAN-Sensor-Node\CANnode\supply1.lbr
    Load settings
    Load layers 115
    Load Library library
    Load Library ""
    Load Packages 0
    Load Symbols 5
    Load DeviceSets 5
EndSection

Section : Analyze Document - C:\Users\W2016\Desktop\RM42-CAN-Sensor-Node\CANnode\testpad.lbr
    Analyzing data of C:\Users\W2016\Desktop\RM42-CAN-Sensor-Node\CANnode\testpad.lbr
    Load settings
    Load layers 115
    Load Library library
    Load Library ""
    Load Packages 38
    Load Symbols 1
    Load DeviceSets 1
EndSection

Section : Analyze Document - C:\Users\W2016\Desktop\RM42-CAN-Sensor-Node\CANnode\Texas Instruments_By_element14_Batch_1.lbr
    Analyzing data of C:\Users\W2016\Desktop\RM42-CAN-Sensor-Node\CANnode\Texas Instruments_By_element14_Batch_1.lbr
    Load settings
    Load layers 115
    Load Library library
    Load Library ""
    Load Packages 1
    Load Symbols 1
    Load DeviceSets 1
EndSection

Section : Analyze Document - C:\Users\W2016\Desktop\RM42-CAN-Sensor-Node\CANnode\texas.lbr
    Analyzing data of C:\Users\W2016\Desktop\RM42-CAN-Sensor-Node\CANnode\texas.lbr
    Load settings
    Load layers 115
    Load Library library
    Load Library ""
    Load Packages 1
    Load Symbols 1
    Load DeviceSets 1
EndSection

Section : Analyze Document - C:\Users\W2016\Desktop\RM42-CAN-Sensor-Node\CANnode\TPS70445_PWP_24.lbr
    Analyzing data of C:\Users\W2016\Desktop\RM42-CAN-Sensor-Node\CANnode\TPS70445_PWP_24.lbr
    Load settings
    Load layers 115
    Load Library library
    Load Library ""
    Load Packages 1
    Load Symbols 1
    Load DeviceSets 1
EndSection

Section : Analyze Document - C:\Users\W2016\Desktop\RM42-CAN-Sensor-Node\CANnode\TXC-7M-16.000MAAJ-T.lbr
    Analyzing data of C:\Users\W2016\Desktop\RM42-CAN-Sensor-Node\CANnode\TXC-7M-16.000MAAJ-T.lbr
    Load settings
    Load layers 115
    Load Library library
    Load Library ""
    Load Packages 1
    Load Symbols 1
    Load DeviceSets 1
EndSection

Section : Analyze Document - C:\Users\W2016\Desktop\RM42-CAN-Sensor-Node\CANnode\varistor.lbr
    Analyzing data of C:\Users\W2016\Desktop\RM42-CAN-Sensor-Node\CANnode\varistor.lbr
    Load settings
    Load layers 115
    Load Library library
    Load Library ""
    Load Packages 34
    Load Symbols 1
    Load DeviceSets 1
EndSection

Section : Analyze Document - C:\Users\W2016\Desktop\RM42-CAN-Sensor-Node\CANnode\zetex.lbr
    Analyzing data of C:\Users\W2016\Desktop\RM42-CAN-Sensor-Node\CANnode\zetex.lbr
    Load settings
    Load layers 115
    Load Library library
    Load Library ""
    Load Packages 1
    Load Symbols 1
    Load DeviceSets 1
EndSection

Section : Analyze Document - C:\Users\W2016\Desktop\RM42-CAN-Sensor-Node\CANnode\CANnode.brd
    Analyzing data of C:\Users\W2016\Desktop\RM42-CAN-Sensor-Node\CANnode\CANnode.brd
    Load settings
    Load layers 113
    Load Library "eagle-ltspice"
    Load Packages 2
    Load Library "rcl"
    Load Packages 3
    Load Library "launchpad"
    Load Packages 7
    Load Library "resistor"
    Load Packages 2
    Load Library "special"
    Load Packages 1
    Load Library "holes"
    Load Packages 1
    Load Library "texas"
    Load Packages 1
    Load Library "led"
    Load Packages 1
    Load Library "zetex"
    Load Packages 1
    Load Library "varistor"
    Load Packages 1
    Load Library "con-lsta"
    Load Packages 1
    Load Library "testpad"
    Load Packages 1
    Load Library "GeekAmmo"
    Load Packages 1
    Load Library "Texas Instruments_By_element14_Batch_1"
    Load Packages 1
    Load Library "TPS70445_PWP_24"
    Load Packages 1
    Load Library "RM42"
    Load Packages 1
    Load Library "con-deutsch"
    Load Packages 1
    Load Library "TXC-7M-16.000MAAJ-T"
    Load Packages 1
EndSection

Section : Analyze Document - C:\Users\W2016\Desktop\RM42-CAN-Sensor-Node\CANnode\CANnode.sch
    Analyzing data of C:\Users\W2016\Desktop\RM42-CAN-Sensor-Node\CANnode\CANnode.sch
    Load settings
    Load layers 113
    Load schematic
    Load Libraries 20
    Load Library "TPS70445_PWP_24"
    Load Packages 1
    Load Symbols 1
    Load DeviceSets 1
    Load Library "eagle-ltspice"
    Load Packages 37
    Load Symbols 2
    Load DeviceSets 2
    Load Library "supply1"
    Load Packages 0
    Load Symbols 5
    Load DeviceSets 5
    Load Library "resistor"
    Load Packages 206
    Load Symbols 2
    Load DeviceSets 2
    Load Library "special"
    Load Packages 1
    Load Symbols 1
    Load DeviceSets 1
    Load Library "led"
    Load Packages 37
    Load Symbols 1
    Load DeviceSets 1
    Load Library "varistor"
    Load Packages 34
    Load Symbols 1
    Load DeviceSets 1
    Load Library "docu-dummy"
    Load Packages 0
    Load Symbols 1
    Load DeviceSets 1
    Load Library "Texas Instruments_By_element14_Batch_1"
    Load Packages 1
    Load Symbols 1
    Load DeviceSets 1
    Load Library "RM42"
    Load Packages 1
    Load Symbols 1
    Load DeviceSets 1
    Load Library "rcl"
    Load Packages 164
    Load Symbols 2
    Load DeviceSets 2
    Load Library "TXC-7M-16.000MAAJ-T"
    Load Packages 1
    Load Symbols 1
    Load DeviceSets 1
    Load Library "GeekAmmo"
    Load Packages 1
    Load Symbols 1
    Load DeviceSets 1
    Load Library "texas"
    Load Packages 1
    Load Symbols 1
    Load DeviceSets 1
    Load Library "con-lsta"
    Load Packages 1
    Load Symbols 1
    Load DeviceSets 1
    Load Library "testpad"
    Load Packages 38
    Load Symbols 1
    Load DeviceSets 1
    Load Library "con-deutsch"
    Load Packages 1
    Load Symbols 2
    Load DeviceSets 1
    Load Library "launchpad"
    Load Packages 8
    Load Symbols 8
    Load DeviceSets 8
    Load Library "zetex"
    Load Packages 1
    Load Symbols 1
    Load DeviceSets 1
    Load Library "holes"
    Load Packages 10
    Load Symbols 1
    Load DeviceSets 1
    Load Attributes 0
    Load Classes 1
    Load Parts 402
    Load Sheets 1
EndSection
